Determining if the pthread_create exist failed with the following output:
Change Dir: /home/roger/Workspace/Tarbora/Tarbora/Framework/Module/CMakeFiles/CMakeTmp

Run Build Command:"/usr/bin/make" "cmTC_ab6f2/fast"
/usr/bin/make -f CMakeFiles/cmTC_ab6f2.dir/build.make CMakeFiles/cmTC_ab6f2.dir/build
make[1]: Entering directory '/home/roger/Workspace/Tarbora/Tarbora/Framework/Module/CMakeFiles/CMakeTmp'
Building C object CMakeFiles/cmTC_ab6f2.dir/CheckSymbolExists.c.o
/usr/bin/cc    -o CMakeFiles/cmTC_ab6f2.dir/CheckSymbolExists.c.o   -c /home/roger/Workspace/Tarbora/Tarbora/Framework/Module/CMakeFiles/CMakeTmp/CheckSymbolExists.c
Linking C executable cmTC_ab6f2
/usr/bin/cmake -E cmake_link_script CMakeFiles/cmTC_ab6f2.dir/link.txt --verbose=1
/usr/bin/cc      -rdynamic CMakeFiles/cmTC_ab6f2.dir/CheckSymbolExists.c.o  -o cmTC_ab6f2 
CMakeFiles/cmTC_ab6f2.dir/CheckSymbolExists.c.o: In function `main':
CheckSymbolExists.c:(.text+0x1b): undefined reference to `pthread_create'
collect2: error: ld returned 1 exit status
CMakeFiles/cmTC_ab6f2.dir/build.make:97: recipe for target 'cmTC_ab6f2' failed
make[1]: *** [cmTC_ab6f2] Error 1
make[1]: Leaving directory '/home/roger/Workspace/Tarbora/Tarbora/Framework/Module/CMakeFiles/CMakeTmp'
Makefile:126: recipe for target 'cmTC_ab6f2/fast' failed
make: *** [cmTC_ab6f2/fast] Error 2

File /home/roger/Workspace/Tarbora/Tarbora/Framework/Module/CMakeFiles/CMakeTmp/CheckSymbolExists.c:
/* */
#include <pthread.h>

int main(int argc, char** argv)
{
  (void)argv;
#ifndef pthread_create
  return ((int*)(&pthread_create))[argc];
#else
  (void)argc;
  return 0;
#endif
}

Determining if the function pthread_create exists in the pthreads failed with the following output:
Change Dir: /home/roger/Workspace/Tarbora/Tarbora/Framework/Module/CMakeFiles/CMakeTmp

Run Build Command:"/usr/bin/make" "cmTC_bd82e/fast"
/usr/bin/make -f CMakeFiles/cmTC_bd82e.dir/build.make CMakeFiles/cmTC_bd82e.dir/build
make[1]: Entering directory '/home/roger/Workspace/Tarbora/Tarbora/Framework/Module/CMakeFiles/CMakeTmp'
Building C object CMakeFiles/cmTC_bd82e.dir/CheckFunctionExists.c.o
/usr/bin/cc   -DCHECK_FUNCTION_EXISTS=pthread_create   -o CMakeFiles/cmTC_bd82e.dir/CheckFunctionExists.c.o   -c /usr/share/cmake-3.10/Modules/CheckFunctionExists.c
Linking C executable cmTC_bd82e
/usr/bin/cmake -E cmake_link_script CMakeFiles/cmTC_bd82e.dir/link.txt --verbose=1
/usr/bin/cc  -DCHECK_FUNCTION_EXISTS=pthread_create    -rdynamic CMakeFiles/cmTC_bd82e.dir/CheckFunctionExists.c.o  -o cmTC_bd82e -lpthreads 
/usr/bin/ld: cannot find -lpthreads
collect2: error: ld returned 1 exit status
CMakeFiles/cmTC_bd82e.dir/build.make:97: recipe for target 'cmTC_bd82e' failed
make[1]: *** [cmTC_bd82e] Error 1
make[1]: Leaving directory '/home/roger/Workspace/Tarbora/Tarbora/Framework/Module/CMakeFiles/CMakeTmp'
Makefile:126: recipe for target 'cmTC_bd82e/fast' failed
make: *** [cmTC_bd82e/fast] Error 2


